<?xml version="1.0" encoding="UTF-8"?>
<testsuite xmlns:xsi="http://www.w3.org/2001/XMLSchema-instance" xsi:noNamespaceSchemaLocation="https://maven.apache.org/surefire/maven-surefire-plugin/xsd/surefire-test-report-3.0.xsd" version="3.0" name="ma.formations.rest.unitaire.ArticleControllerTest" time="0.946" tests="1" errors="0" skipped="0" failures="0">
  <properties>
[...]
</properties>
  <testcase name="testGetAll" classname="ma.formations.rest.unitaire.ArticleControllerTest" time="0.281">
    <system-out><![CDATA[2025-12-01T20:40:44.939+01:00  INFO 6040 --- [           main] t.c.s.AnnotationConfigContextLoaderUtils : Could not detect default configuration classes for test class [ma.formations.rest.unitaire.ArticleControllerTest]: ArticleControllerTest does not declare any static, non-private, non-final, nested classes annotated with @Configuration.
2025-12-01T20:40:44.947+01:00  INFO 6040 --- [           main] .b.t.c.SpringBootTestContextBootstrapper : Found @SpringBootConfiguration ma.formations.rest.MainApplication for test class ma.formations.rest.unitaire.ArticleControllerTest

  .   ____          _            __ _ _
 /\\ / ___'_ __ _ _(_)_ __  __ _ \ \ \ \
( ( )\___ | '_ | '_| | '_ \/ _` | \ \ \ \
 \\/  ___)| |_)| | | | | || (_| |  ) ) ) )
  '  |____| .__|_| |_|_| |_\__, | / / / /
 =========|_|==============|___/=/_/_/_/
 :: Spring Boot ::                (v3.1.4)

2025-12-01T20:40:44.971+01:00  INFO 6040 --- [           main] m.f.rest.unitaire.ArticleControllerTest  : Starting ArticleControllerTest using Java 17.0.17 with PID 6040 (started by Predator in C:\Users\palba\jee tp2\tprest)
2025-12-01T20:40:44.971+01:00  INFO 6040 --- [           main] m.f.rest.unitaire.ArticleControllerTest  : No active profile set, falling back to 1 default profile: "default"
2025-12-01T20:40:45.405+01:00  INFO 6040 --- [           main] o.s.b.w.embedded.tomcat.TomcatWebServer  : Tomcat initialized with port(s): 0 (http)
2025-12-01T20:40:45.406+01:00  INFO 6040 --- [           main] o.apache.catalina.core.StandardService   : Starting service [Tomcat]
2025-12-01T20:40:45.407+01:00  INFO 6040 --- [           main] o.apache.catalina.core.StandardEngine    : Starting Servlet engine: [Apache Tomcat/10.1.13]
2025-12-01T20:40:45.433+01:00  INFO 6040 --- [           main] o.a.c.c.C.[Tomcat-1].[localhost].[/]     : Initializing Spring embedded WebApplicationContext
2025-12-01T20:40:45.433+01:00  INFO 6040 --- [           main] w.s.c.ServletWebServerApplicationContext : Root WebApplicationContext: initialization completed in 461 ms
2025-12-01T20:40:45.570+01:00  INFO 6040 --- [           main] o.a.c.c.C.[Tomcat-1].[localhost].[/]     : Initializing Spring TestDispatcherServlet ''
2025-12-01T20:40:45.570+01:00  INFO 6040 --- [           main] o.s.t.web.servlet.TestDispatcherServlet  : Initializing Servlet ''
2025-12-01T20:40:45.571+01:00  INFO 6040 --- [           main] o.s.t.web.servlet.TestDispatcherServlet  : Completed initialization in 1 ms
2025-12-01T20:40:45.590+01:00  INFO 6040 --- [           main] o.s.b.w.embedded.tomcat.TomcatWebServer  : Tomcat started on port(s): 54074 (http) with context path ''
2025-12-01T20:40:45.594+01:00  INFO 6040 --- [           main] m.f.rest.unitaire.ArticleControllerTest  : Started ArticleControllerTest in 0.643 seconds (process running for 3.942)
]]></system-out>
  </testcase>
</testsuite>